{"name":"hexo","hostname":"Ryan.local","pid":92414,"level":20,"msg":"Hexo version: \u001b[35m3.2.2\u001b[39m","time":"2016-11-11T06:52:37.651Z","v":0}
{"name":"hexo","hostname":"Ryan.local","pid":92414,"level":20,"msg":"Working directory: \u001b[35m~/Documents/Ryan/blog/\u001b[39m","time":"2016-11-11T06:52:37.655Z","v":0}
{"name":"hexo","hostname":"Ryan.local","pid":92414,"level":20,"msg":"Config loaded: \u001b[35m~/Documents/Ryan/blog/_config.yml\u001b[39m","time":"2016-11-11T06:52:37.743Z","v":0}
{"name":"hexo","hostname":"Ryan.local","pid":92414,"level":20,"msg":"Plugin loaded: \u001b[35mhexo-deployer-git\u001b[39m","time":"2016-11-11T06:52:37.970Z","v":0}
{"name":"hexo","hostname":"Ryan.local","pid":92414,"level":20,"msg":"Plugin loaded: \u001b[35mhexo-generator-archive\u001b[39m","time":"2016-11-11T06:52:37.972Z","v":0}
{"name":"hexo","hostname":"Ryan.local","pid":92414,"level":20,"msg":"Plugin loaded: \u001b[35mhexo-generator-category\u001b[39m","time":"2016-11-11T06:52:37.975Z","v":0}
{"name":"hexo","hostname":"Ryan.local","pid":92414,"level":20,"msg":"Plugin loaded: \u001b[35mhexo-generator-index\u001b[39m","time":"2016-11-11T06:52:37.977Z","v":0}
{"name":"hexo","hostname":"Ryan.local","pid":92414,"level":20,"msg":"Plugin loaded: \u001b[35mhexo-generator-tag\u001b[39m","time":"2016-11-11T06:52:37.980Z","v":0}
{"name":"hexo","hostname":"Ryan.local","pid":92414,"level":20,"msg":"Plugin loaded: \u001b[35mhexo-renderer-ejs\u001b[39m","time":"2016-11-11T06:52:37.983Z","v":0}
{"name":"hexo","hostname":"Ryan.local","pid":92414,"level":20,"msg":"Plugin loaded: \u001b[35mhexo-renderer-marked\u001b[39m","time":"2016-11-11T06:52:38.069Z","v":0}
{"name":"hexo","hostname":"Ryan.local","pid":92414,"level":20,"msg":"Plugin loaded: \u001b[35mhexo-renderer-stylus\u001b[39m","time":"2016-11-11T06:52:38.071Z","v":0}
{"name":"hexo","hostname":"Ryan.local","pid":92414,"level":20,"msg":"Plugin loaded: \u001b[35mhexo-server\u001b[39m","time":"2016-11-11T06:52:38.186Z","v":0}
{"name":"hexo","hostname":"Ryan.local","pid":92414,"level":20,"msg":"Script loaded: \u001b[35mthemes/next/scripts/merge-configs.js\u001b[39m","time":"2016-11-11T06:52:38.187Z","v":0}
{"name":"hexo","hostname":"Ryan.local","pid":92414,"level":20,"msg":"Script loaded: \u001b[35mthemes/next/scripts/tags/center-quote.js\u001b[39m","time":"2016-11-11T06:52:38.188Z","v":0}
{"name":"hexo","hostname":"Ryan.local","pid":92414,"level":20,"msg":"Script loaded: \u001b[35mthemes/next/scripts/tags/full-image.js\u001b[39m","time":"2016-11-11T06:52:38.189Z","v":0}
{"name":"hexo","hostname":"Ryan.local","pid":92414,"level":20,"msg":"Script loaded: \u001b[35mthemes/next/scripts/tags/group-pictures.js\u001b[39m","time":"2016-11-11T06:52:38.190Z","v":0}
{"name":"hexo","hostname":"Ryan.local","pid":92414,"level":20,"msg":"Loading database.","time":"2016-11-11T06:52:38.200Z","v":0}
{"name":"hexo","hostname":"Ryan.local","pid":92414,"level":30,"msg":"Start processing","time":"2016-11-11T06:52:38.212Z","v":0}
{"name":"hexo","hostname":"Ryan.local","pid":92414,"level":20,"msg":"Theme config loaded.","time":"2016-11-11T06:52:38.354Z","v":0}
{"name":"hexo","hostname":"Ryan.local","pid":92414,"level":20,"msg":"Processed: \u001b[35m_config.yml\u001b[39m","time":"2016-11-11T06:52:38.354Z","v":0}
{"name":"hexo","hostname":"Ryan.local","pid":92414,"level":20,"msg":"Processed: \u001b[35msource/css/main.styl\u001b[39m","time":"2016-11-11T06:52:38.362Z","v":0}
{"name":"hexo","hostname":"Ryan.local","pid":92414,"level":20,"msg":"Processed: \u001b[35msource/images/avatar.gif\u001b[39m","time":"2016-11-11T06:52:38.363Z","v":0}
{"name":"hexo","hostname":"Ryan.local","pid":92414,"level":20,"msg":"Processed: \u001b[35msource/images/cc-by-nc-nd.svg\u001b[39m","time":"2016-11-11T06:52:38.364Z","v":0}
{"name":"hexo","hostname":"Ryan.local","pid":92414,"level":20,"msg":"Processed: \u001b[35msource/images/cc-by-nc-sa.svg\u001b[39m","time":"2016-11-11T06:52:38.365Z","v":0}
{"name":"hexo","hostname":"Ryan.local","pid":92414,"level":20,"msg":"Processed: \u001b[35msource/images/cc-by-nc.svg\u001b[39m","time":"2016-11-11T06:52:38.365Z","v":0}
{"name":"hexo","hostname":"Ryan.local","pid":92414,"level":20,"msg":"Processed: \u001b[35msource/images/cc-by-nd.svg\u001b[39m","time":"2016-11-11T06:52:38.366Z","v":0}
{"name":"hexo","hostname":"Ryan.local","pid":92414,"level":20,"msg":"Processed: \u001b[35msource/images/cc-by-sa.svg\u001b[39m","time":"2016-11-11T06:52:38.366Z","v":0}
{"name":"hexo","hostname":"Ryan.local","pid":92414,"level":20,"msg":"Processed: \u001b[35msource/images/cc-by.svg\u001b[39m","time":"2016-11-11T06:52:38.367Z","v":0}
{"name":"hexo","hostname":"Ryan.local","pid":92414,"level":20,"msg":"Processed: \u001b[35msource/images/cc-zero.svg\u001b[39m","time":"2016-11-11T06:52:38.367Z","v":0}
{"name":"hexo","hostname":"Ryan.local","pid":92414,"level":20,"msg":"Processed: \u001b[35msource/images/loading.gif\u001b[39m","time":"2016-11-11T06:52:38.367Z","v":0}
{"name":"hexo","hostname":"Ryan.local","pid":92414,"level":20,"msg":"Processed: \u001b[35msource/images/placeholder.gif\u001b[39m","time":"2016-11-11T06:52:38.368Z","v":0}
{"name":"hexo","hostname":"Ryan.local","pid":92414,"level":20,"msg":"Processed: \u001b[35msource/images/quote-l.svg\u001b[39m","time":"2016-11-11T06:52:38.368Z","v":0}
{"name":"hexo","hostname":"Ryan.local","pid":92414,"level":20,"msg":"Processed: \u001b[35msource/images/quote-r.svg\u001b[39m","time":"2016-11-11T06:52:38.368Z","v":0}
{"name":"hexo","hostname":"Ryan.local","pid":92414,"level":20,"msg":"Processed: \u001b[35msource/images/searchicon.png\u001b[39m","time":"2016-11-11T06:52:38.368Z","v":0}
{"name":"hexo","hostname":"Ryan.local","pid":92414,"level":20,"msg":"Processed: \u001b[35mlayout/_layout.swig\u001b[39m","time":"2016-11-11T06:52:38.528Z","v":0}
{"name":"hexo","hostname":"Ryan.local","pid":92414,"level":20,"msg":"Processed: \u001b[35mlayout/archive.swig\u001b[39m","time":"2016-11-11T06:52:38.528Z","v":0}
{"name":"hexo","hostname":"Ryan.local","pid":92414,"level":20,"msg":"Processed: \u001b[35mlayout/index.swig\u001b[39m","time":"2016-11-11T06:52:38.529Z","v":0}
{"name":"hexo","hostname":"Ryan.local","pid":92414,"level":20,"msg":"Processed: \u001b[35mlayout/page.swig\u001b[39m","time":"2016-11-11T06:52:38.529Z","v":0}
{"name":"hexo","hostname":"Ryan.local","pid":92414,"level":20,"msg":"Processed: \u001b[35mlayout/category.swig\u001b[39m","time":"2016-11-11T06:52:38.529Z","v":0}
{"name":"hexo","hostname":"Ryan.local","pid":92414,"level":20,"msg":"Processed: \u001b[35mlayout/post.swig\u001b[39m","time":"2016-11-11T06:52:38.529Z","v":0}
{"name":"hexo","hostname":"Ryan.local","pid":92414,"level":20,"msg":"Processed: \u001b[35mlayout/schedule.swig\u001b[39m","time":"2016-11-11T06:52:38.529Z","v":0}
{"name":"hexo","hostname":"Ryan.local","pid":92414,"level":20,"msg":"Processed: \u001b[35mlayout/tag.swig\u001b[39m","time":"2016-11-11T06:52:38.529Z","v":0}
{"name":"hexo","hostname":"Ryan.local","pid":92414,"level":20,"msg":"Processed: \u001b[35m_posts/hello-world.md\u001b[39m","time":"2016-11-11T06:52:38.540Z","v":0}
{"name":"hexo","hostname":"Ryan.local","pid":92414,"level":20,"msg":"Processed: \u001b[35mlanguages/de.yml\u001b[39m","time":"2016-11-11T06:52:38.541Z","v":0}
{"name":"hexo","hostname":"Ryan.local","pid":92414,"level":20,"msg":"Processed: \u001b[35mlanguages/default.yml\u001b[39m","time":"2016-11-11T06:52:38.541Z","v":0}
{"name":"hexo","hostname":"Ryan.local","pid":92414,"level":20,"msg":"Processed: \u001b[35mlanguages/en.yml\u001b[39m","time":"2016-11-11T06:52:38.542Z","v":0}
{"name":"hexo","hostname":"Ryan.local","pid":92414,"level":20,"msg":"Processed: \u001b[35mlanguages/fr-FR.yml\u001b[39m","time":"2016-11-11T06:52:38.542Z","v":0}
{"name":"hexo","hostname":"Ryan.local","pid":92414,"level":20,"msg":"Processed: \u001b[35mlanguages/id.yml\u001b[39m","time":"2016-11-11T06:52:38.542Z","v":0}
{"name":"hexo","hostname":"Ryan.local","pid":92414,"level":20,"msg":"Processed: \u001b[35mlanguages/ja.yml\u001b[39m","time":"2016-11-11T06:52:38.542Z","v":0}
{"name":"hexo","hostname":"Ryan.local","pid":92414,"level":20,"msg":"Processed: \u001b[35mlanguages/ko.yml\u001b[39m","time":"2016-11-11T06:52:38.542Z","v":0}
{"name":"hexo","hostname":"Ryan.local","pid":92414,"level":20,"msg":"Processed: \u001b[35mlanguages/pt-BR.yml\u001b[39m","time":"2016-11-11T06:52:38.543Z","v":0}
{"name":"hexo","hostname":"Ryan.local","pid":92414,"level":20,"msg":"Processed: \u001b[35mlanguages/pt.yml\u001b[39m","time":"2016-11-11T06:52:38.543Z","v":0}
{"name":"hexo","hostname":"Ryan.local","pid":92414,"level":20,"msg":"Processed: \u001b[35mlanguages/ru.yml\u001b[39m","time":"2016-11-11T06:52:38.543Z","v":0}
{"name":"hexo","hostname":"Ryan.local","pid":92414,"level":20,"msg":"Processed: \u001b[35mlanguages/zh-Hans.yml\u001b[39m","time":"2016-11-11T06:52:38.544Z","v":0}
{"name":"hexo","hostname":"Ryan.local","pid":92414,"level":20,"msg":"Processed: \u001b[35mlanguages/zh-tw.yml\u001b[39m","time":"2016-11-11T06:52:38.544Z","v":0}
{"name":"hexo","hostname":"Ryan.local","pid":92414,"level":20,"msg":"Processed: \u001b[35mlanguages/zh-hk.yml\u001b[39m","time":"2016-11-11T06:52:38.544Z","v":0}
{"name":"hexo","hostname":"Ryan.local","pid":92414,"level":20,"msg":"Processed: \u001b[35msource/js/src/affix.js\u001b[39m","time":"2016-11-11T06:52:38.552Z","v":0}
{"name":"hexo","hostname":"Ryan.local","pid":92414,"level":20,"msg":"Processed: \u001b[35msource/js/src/bootstrap.js\u001b[39m","time":"2016-11-11T06:52:38.553Z","v":0}
{"name":"hexo","hostname":"Ryan.local","pid":92414,"level":20,"msg":"Processed: \u001b[35msource/js/src/hook-duoshuo.js\u001b[39m","time":"2016-11-11T06:52:38.554Z","v":0}
{"name":"hexo","hostname":"Ryan.local","pid":92414,"level":20,"msg":"Processed: \u001b[35msource/js/src/motion.js\u001b[39m","time":"2016-11-11T06:52:38.554Z","v":0}
{"name":"hexo","hostname":"Ryan.local","pid":92414,"level":20,"msg":"Processed: \u001b[35msource/js/src/post-details.js\u001b[39m","time":"2016-11-11T06:52:38.555Z","v":0}
{"name":"hexo","hostname":"Ryan.local","pid":92414,"level":20,"msg":"Processed: \u001b[35msource/js/src/scrollspy.js\u001b[39m","time":"2016-11-11T06:52:38.556Z","v":0}
{"name":"hexo","hostname":"Ryan.local","pid":92414,"level":20,"msg":"Processed: \u001b[35msource/js/src/utils.js\u001b[39m","time":"2016-11-11T06:52:38.556Z","v":0}
{"name":"hexo","hostname":"Ryan.local","pid":92414,"level":20,"msg":"Processed: \u001b[35msource/lib/fastclick/LICENSE\u001b[39m","time":"2016-11-11T06:52:38.562Z","v":0}
{"name":"hexo","hostname":"Ryan.local","pid":92414,"level":20,"msg":"Processed: \u001b[35msource/lib/fastclick/README.md\u001b[39m","time":"2016-11-11T06:52:38.562Z","v":0}
{"name":"hexo","hostname":"Ryan.local","pid":92414,"level":20,"msg":"Processed: \u001b[35msource/lib/fastclick/bower.json\u001b[39m","time":"2016-11-11T06:52:38.563Z","v":0}
{"name":"hexo","hostname":"Ryan.local","pid":92414,"level":20,"msg":"Processed: \u001b[35msource/lib/font-awesome/HELP-US-OUT.txt\u001b[39m","time":"2016-11-11T06:52:38.564Z","v":0}
{"name":"hexo","hostname":"Ryan.local","pid":92414,"level":20,"msg":"Processed: \u001b[35msource/lib/font-awesome/bower.json\u001b[39m","time":"2016-11-11T06:52:38.565Z","v":0}
{"name":"hexo","hostname":"Ryan.local","pid":92414,"level":20,"msg":"Processed: \u001b[35msource/lib/jquery_lazyload/CONTRIBUTING.md\u001b[39m","time":"2016-11-11T06:52:38.565Z","v":0}
{"name":"hexo","hostname":"Ryan.local","pid":92414,"level":20,"msg":"Processed: \u001b[35msource/lib/jquery_lazyload/README.md\u001b[39m","time":"2016-11-11T06:52:38.566Z","v":0}
{"name":"hexo","hostname":"Ryan.local","pid":92414,"level":20,"msg":"Processed: \u001b[35msource/lib/jquery_lazyload/bower.json\u001b[39m","time":"2016-11-11T06:52:38.568Z","v":0}
{"name":"hexo","hostname":"Ryan.local","pid":92414,"level":20,"msg":"Processed: \u001b[35msource/lib/jquery_lazyload/jquery.lazyload.js\u001b[39m","time":"2016-11-11T06:52:38.570Z","v":0}
{"name":"hexo","hostname":"Ryan.local","pid":92414,"level":20,"msg":"Processed: \u001b[35msource/lib/jquery_lazyload/jquery.scrollstop.js\u001b[39m","time":"2016-11-11T06:52:38.571Z","v":0}
{"name":"hexo","hostname":"Ryan.local","pid":92414,"level":20,"msg":"Processed: \u001b[35msource/lib/velocity/bower.json\u001b[39m","time":"2016-11-11T06:52:38.572Z","v":0}
{"name":"hexo","hostname":"Ryan.local","pid":92414,"level":20,"msg":"Processed: \u001b[35msource/lib/velocity/velocity.min.js\u001b[39m","time":"2016-11-11T06:52:38.573Z","v":0}
{"name":"hexo","hostname":"Ryan.local","pid":92414,"level":20,"msg":"Processed: \u001b[35msource/lib/velocity/velocity.ui.js\u001b[39m","time":"2016-11-11T06:52:38.574Z","v":0}
{"name":"hexo","hostname":"Ryan.local","pid":92414,"level":20,"msg":"Processed: \u001b[35msource/lib/velocity/velocity.ui.min.js\u001b[39m","time":"2016-11-11T06:52:38.574Z","v":0}
{"name":"hexo","hostname":"Ryan.local","pid":92414,"level":20,"msg":"Processed: \u001b[35msource/lib/jquery/index.js\u001b[39m","time":"2016-11-11T06:52:38.609Z","v":0}
{"name":"hexo","hostname":"Ryan.local","pid":92414,"level":20,"msg":"Processed: \u001b[35mlayout/_macro/post.swig\u001b[39m","time":"2016-11-11T06:52:38.643Z","v":0}
{"name":"hexo","hostname":"Ryan.local","pid":92414,"level":20,"msg":"Processed: \u001b[35mlayout/_macro/post-collapse.swig\u001b[39m","time":"2016-11-11T06:52:38.644Z","v":0}
{"name":"hexo","hostname":"Ryan.local","pid":92414,"level":20,"msg":"Processed: \u001b[35mlayout/_macro/reward.swig\u001b[39m","time":"2016-11-11T06:52:38.644Z","v":0}
{"name":"hexo","hostname":"Ryan.local","pid":92414,"level":20,"msg":"Processed: \u001b[35mlayout/_macro/sidebar.swig\u001b[39m","time":"2016-11-11T06:52:38.644Z","v":0}
{"name":"hexo","hostname":"Ryan.local","pid":92414,"level":20,"msg":"Processed: \u001b[35mlayout/_macro/wechat-subscriber.swig\u001b[39m","time":"2016-11-11T06:52:38.644Z","v":0}
{"name":"hexo","hostname":"Ryan.local","pid":92414,"level":20,"msg":"Processed: \u001b[35mlayout/_partials/comments.swig\u001b[39m","time":"2016-11-11T06:52:38.644Z","v":0}
{"name":"hexo","hostname":"Ryan.local","pid":92414,"level":20,"msg":"Processed: \u001b[35mlayout/_partials/duoshuo-hot-articles.swig\u001b[39m","time":"2016-11-11T06:52:38.644Z","v":0}
{"name":"hexo","hostname":"Ryan.local","pid":92414,"level":20,"msg":"Processed: \u001b[35mlayout/_partials/footer.swig\u001b[39m","time":"2016-11-11T06:52:38.644Z","v":0}
{"name":"hexo","hostname":"Ryan.local","pid":92414,"level":20,"msg":"Processed: \u001b[35mlayout/_partials/head.swig\u001b[39m","time":"2016-11-11T06:52:38.644Z","v":0}
{"name":"hexo","hostname":"Ryan.local","pid":92414,"level":20,"msg":"Processed: \u001b[35mlayout/_partials/header.swig\u001b[39m","time":"2016-11-11T06:52:38.645Z","v":0}
{"name":"hexo","hostname":"Ryan.local","pid":92414,"level":20,"msg":"Processed: \u001b[35mlayout/_partials/pagination.swig\u001b[39m","time":"2016-11-11T06:52:38.645Z","v":0}
{"name":"hexo","hostname":"Ryan.local","pid":92414,"level":20,"msg":"Processed: \u001b[35mlayout/_partials/search.swig\u001b[39m","time":"2016-11-11T06:52:38.645Z","v":0}
{"name":"hexo","hostname":"Ryan.local","pid":92414,"level":20,"msg":"Processed: \u001b[35mlayout/_scripts/baidu-push.swig\u001b[39m","time":"2016-11-11T06:52:38.645Z","v":0}
{"name":"hexo","hostname":"Ryan.local","pid":92414,"level":20,"msg":"Processed: \u001b[35mlayout/_scripts/boostrap.swig\u001b[39m","time":"2016-11-11T06:52:38.645Z","v":0}
{"name":"hexo","hostname":"Ryan.local","pid":92414,"level":20,"msg":"Processed: \u001b[35mlayout/_scripts/commons.swig\u001b[39m","time":"2016-11-11T06:52:38.645Z","v":0}
{"name":"hexo","hostname":"Ryan.local","pid":92414,"level":20,"msg":"Processed: \u001b[35mlayout/_scripts/vendors.swig\u001b[39m","time":"2016-11-11T06:52:38.646Z","v":0}
{"name":"hexo","hostname":"Ryan.local","pid":92414,"level":20,"msg":"Processed: \u001b[35msource/js/src/schemes/pisces.js\u001b[39m","time":"2016-11-11T06:52:38.659Z","v":0}
{"name":"hexo","hostname":"Ryan.local","pid":92414,"level":20,"msg":"Processed: \u001b[35msource/lib/fancybox/source/blank.gif\u001b[39m","time":"2016-11-11T06:52:38.660Z","v":0}
{"name":"hexo","hostname":"Ryan.local","pid":92414,"level":20,"msg":"Processed: \u001b[35msource/lib/fancybox/source/fancybox_loading.gif\u001b[39m","time":"2016-11-11T06:52:38.660Z","v":0}
{"name":"hexo","hostname":"Ryan.local","pid":92414,"level":20,"msg":"Processed: \u001b[35msource/lib/fancybox/source/fancybox_loading@2x.gif\u001b[39m","time":"2016-11-11T06:52:38.660Z","v":0}
{"name":"hexo","hostname":"Ryan.local","pid":92414,"level":20,"msg":"Processed: \u001b[35msource/lib/fancybox/source/fancybox_overlay.png\u001b[39m","time":"2016-11-11T06:52:38.661Z","v":0}
{"name":"hexo","hostname":"Ryan.local","pid":92414,"level":20,"msg":"Processed: \u001b[35msource/lib/fancybox/source/fancybox_sprite.png\u001b[39m","time":"2016-11-11T06:52:38.662Z","v":0}
{"name":"hexo","hostname":"Ryan.local","pid":92414,"level":20,"msg":"Processed: \u001b[35msource/lib/fancybox/source/fancybox_sprite@2x.png\u001b[39m","time":"2016-11-11T06:52:38.662Z","v":0}
{"name":"hexo","hostname":"Ryan.local","pid":92414,"level":20,"msg":"Processed: \u001b[35msource/lib/fancybox/source/jquery.fancybox.css\u001b[39m","time":"2016-11-11T06:52:38.663Z","v":0}
{"name":"hexo","hostname":"Ryan.local","pid":92414,"level":20,"msg":"Processed: \u001b[35msource/lib/fancybox/source/jquery.fancybox.js\u001b[39m","time":"2016-11-11T06:52:38.663Z","v":0}
{"name":"hexo","hostname":"Ryan.local","pid":92414,"level":20,"msg":"Processed: \u001b[35msource/lib/fancybox/source/jquery.fancybox.pack.js\u001b[39m","time":"2016-11-11T06:52:38.664Z","v":0}
{"name":"hexo","hostname":"Ryan.local","pid":92414,"level":20,"msg":"Processed: \u001b[35msource/lib/fastclick/lib/fastclick.js\u001b[39m","time":"2016-11-11T06:52:38.664Z","v":0}
{"name":"hexo","hostname":"Ryan.local","pid":92414,"level":20,"msg":"Processed: \u001b[35msource/lib/fastclick/lib/fastclick.min.js\u001b[39m","time":"2016-11-11T06:52:38.665Z","v":0}
{"name":"hexo","hostname":"Ryan.local","pid":92414,"level":20,"msg":"Processed: \u001b[35msource/lib/font-awesome/css/font-awesome.css\u001b[39m","time":"2016-11-11T06:52:38.666Z","v":0}
{"name":"hexo","hostname":"Ryan.local","pid":92414,"level":20,"msg":"Processed: \u001b[35msource/lib/font-awesome/css/font-awesome.css.map\u001b[39m","time":"2016-11-11T06:52:38.667Z","v":0}
{"name":"hexo","hostname":"Ryan.local","pid":92414,"level":20,"msg":"Processed: \u001b[35msource/lib/font-awesome/css/font-awesome.min.css\u001b[39m","time":"2016-11-11T06:52:38.668Z","v":0}
{"name":"hexo","hostname":"Ryan.local","pid":92414,"level":20,"msg":"Processed: \u001b[35msource/lib/font-awesome/fonts/fontawesome-webfont.woff2\u001b[39m","time":"2016-11-11T06:52:38.668Z","v":0}
{"name":"hexo","hostname":"Ryan.local","pid":92414,"level":20,"msg":"Processed: \u001b[35msource/lib/ua-parser-js/dist/ua-parser.min.js\u001b[39m","time":"2016-11-11T06:52:38.669Z","v":0}
{"name":"hexo","hostname":"Ryan.local","pid":92414,"level":20,"msg":"Processed: \u001b[35msource/lib/ua-parser-js/dist/ua-parser.pack.js\u001b[39m","time":"2016-11-11T06:52:38.669Z","v":0}
{"name":"hexo","hostname":"Ryan.local","pid":92414,"level":20,"msg":"Processed: \u001b[35mlayout/_scripts/schemes/muse.swig\u001b[39m","time":"2016-11-11T06:52:38.673Z","v":0}
{"name":"hexo","hostname":"Ryan.local","pid":92414,"level":20,"msg":"Processed: \u001b[35mlayout/_scripts/schemes/mist.swig\u001b[39m","time":"2016-11-11T06:52:38.673Z","v":0}
{"name":"hexo","hostname":"Ryan.local","pid":92414,"level":20,"msg":"Processed: \u001b[35msource/lib/font-awesome/fonts/FontAwesome.otf\u001b[39m","time":"2016-11-11T06:52:38.674Z","v":0}
{"name":"hexo","hostname":"Ryan.local","pid":92414,"level":20,"msg":"Processed: \u001b[35msource/lib/font-awesome/fonts/fontawesome-webfont.eot\u001b[39m","time":"2016-11-11T06:52:38.674Z","v":0}
{"name":"hexo","hostname":"Ryan.local","pid":92414,"level":20,"msg":"Processed: \u001b[35msource/lib/font-awesome/fonts/fontawesome-webfont.woff\u001b[39m","time":"2016-11-11T06:52:38.674Z","v":0}
{"name":"hexo","hostname":"Ryan.local","pid":92414,"level":20,"msg":"Processed: \u001b[35msource/lib/velocity/velocity.js\u001b[39m","time":"2016-11-11T06:52:38.674Z","v":0}
{"name":"hexo","hostname":"Ryan.local","pid":92414,"level":20,"msg":"Processed: \u001b[35mlayout/_partials/head/external-fonts.swig\u001b[39m","time":"2016-11-11T06:52:38.687Z","v":0}
{"name":"hexo","hostname":"Ryan.local","pid":92414,"level":20,"msg":"Processed: \u001b[35mlayout/_partials/search/localsearch.swig\u001b[39m","time":"2016-11-11T06:52:38.687Z","v":0}
{"name":"hexo","hostname":"Ryan.local","pid":92414,"level":20,"msg":"Processed: \u001b[35mlayout/_partials/search/swiftype.swig\u001b[39m","time":"2016-11-11T06:52:38.687Z","v":0}
{"name":"hexo","hostname":"Ryan.local","pid":92414,"level":20,"msg":"Processed: \u001b[35mlayout/_partials/search/tinysou.swig\u001b[39m","time":"2016-11-11T06:52:38.687Z","v":0}
{"name":"hexo","hostname":"Ryan.local","pid":92414,"level":20,"msg":"Processed: \u001b[35mlayout/_partials/share/add-this.swig\u001b[39m","time":"2016-11-11T06:52:38.687Z","v":0}
{"name":"hexo","hostname":"Ryan.local","pid":92414,"level":20,"msg":"Processed: \u001b[35mlayout/_partials/share/baidushare.swig\u001b[39m","time":"2016-11-11T06:52:38.687Z","v":0}
{"name":"hexo","hostname":"Ryan.local","pid":92414,"level":20,"msg":"Processed: \u001b[35mlayout/_partials/share/duoshuo_share.swig\u001b[39m","time":"2016-11-11T06:52:38.687Z","v":0}
{"name":"hexo","hostname":"Ryan.local","pid":92414,"level":20,"msg":"Processed: \u001b[35mlayout/_partials/share/jiathis.swig\u001b[39m","time":"2016-11-11T06:52:38.688Z","v":0}
{"name":"hexo","hostname":"Ryan.local","pid":92414,"level":20,"msg":"Processed: \u001b[35mlayout/_scripts/pages/post-details.swig\u001b[39m","time":"2016-11-11T06:52:38.688Z","v":0}
{"name":"hexo","hostname":"Ryan.local","pid":92414,"level":20,"msg":"Processed: \u001b[35mlayout/_scripts/schemes/pisces.swig\u001b[39m","time":"2016-11-11T06:52:38.688Z","v":0}
{"name":"hexo","hostname":"Ryan.local","pid":92414,"level":20,"msg":"Processed: \u001b[35mlayout/_scripts/third-party/analytics.swig\u001b[39m","time":"2016-11-11T06:52:38.688Z","v":0}
{"name":"hexo","hostname":"Ryan.local","pid":92414,"level":20,"msg":"Processed: \u001b[35mlayout/_scripts/third-party/comments.swig\u001b[39m","time":"2016-11-11T06:52:38.688Z","v":0}
{"name":"hexo","hostname":"Ryan.local","pid":92414,"level":20,"msg":"Processed: \u001b[35mlayout/_scripts/third-party/lean-analytics.swig\u001b[39m","time":"2016-11-11T06:52:38.689Z","v":0}
{"name":"hexo","hostname":"Ryan.local","pid":92414,"level":20,"msg":"Processed: \u001b[35mlayout/_scripts/third-party/localsearch.swig\u001b[39m","time":"2016-11-11T06:52:38.689Z","v":0}
{"name":"hexo","hostname":"Ryan.local","pid":92414,"level":20,"msg":"Processed: \u001b[35mlayout/_scripts/third-party/mathjax.swig\u001b[39m","time":"2016-11-11T06:52:38.689Z","v":0}
{"name":"hexo","hostname":"Ryan.local","pid":92414,"level":20,"msg":"Processed: \u001b[35mlayout/_scripts/third-party/schedule.swig\u001b[39m","time":"2016-11-11T06:52:38.689Z","v":0}
{"name":"hexo","hostname":"Ryan.local","pid":92414,"level":20,"msg":"Processed: \u001b[35mlayout/_scripts/third-party/tinysou.swig\u001b[39m","time":"2016-11-11T06:52:38.689Z","v":0}
{"name":"hexo","hostname":"Ryan.local","pid":92414,"level":20,"msg":"Processed: \u001b[35msource/lib/fancybox/source/helpers/fancybox_buttons.png\u001b[39m","time":"2016-11-11T06:52:38.693Z","v":0}
{"name":"hexo","hostname":"Ryan.local","pid":92414,"level":20,"msg":"Processed: \u001b[35msource/lib/fancybox/source/helpers/jquery.fancybox-buttons.css\u001b[39m","time":"2016-11-11T06:52:38.693Z","v":0}
{"name":"hexo","hostname":"Ryan.local","pid":92414,"level":20,"msg":"Processed: \u001b[35msource/lib/fancybox/source/helpers/jquery.fancybox-buttons.js\u001b[39m","time":"2016-11-11T06:52:38.693Z","v":0}
{"name":"hexo","hostname":"Ryan.local","pid":92414,"level":20,"msg":"Processed: \u001b[35msource/lib/fancybox/source/helpers/jquery.fancybox-media.js\u001b[39m","time":"2016-11-11T06:52:38.694Z","v":0}
{"name":"hexo","hostname":"Ryan.local","pid":92414,"level":20,"msg":"Processed: \u001b[35msource/lib/fancybox/source/helpers/jquery.fancybox-thumbs.css\u001b[39m","time":"2016-11-11T06:52:38.694Z","v":0}
{"name":"hexo","hostname":"Ryan.local","pid":92414,"level":20,"msg":"Processed: \u001b[35msource/lib/fancybox/source/helpers/jquery.fancybox-thumbs.js\u001b[39m","time":"2016-11-11T06:52:38.695Z","v":0}
{"name":"hexo","hostname":"Ryan.local","pid":92414,"level":20,"msg":"Processed: \u001b[35msource/lib/font-awesome/fonts/fontawesome-webfont.ttf\u001b[39m","time":"2016-11-11T06:52:38.695Z","v":0}
{"name":"hexo","hostname":"Ryan.local","pid":92414,"level":20,"msg":"Processed: \u001b[35mlayout/_scripts/third-party/analytics/baidu-analytics.swig\u001b[39m","time":"2016-11-11T06:52:38.701Z","v":0}
{"name":"hexo","hostname":"Ryan.local","pid":92414,"level":20,"msg":"Processed: \u001b[35mlayout/_scripts/third-party/analytics/busuanzi-counter.swig\u001b[39m","time":"2016-11-11T06:52:38.701Z","v":0}
{"name":"hexo","hostname":"Ryan.local","pid":92414,"level":20,"msg":"Processed: \u001b[35mlayout/_scripts/third-party/analytics/cnzz-analytics.swig\u001b[39m","time":"2016-11-11T06:52:38.701Z","v":0}
{"name":"hexo","hostname":"Ryan.local","pid":92414,"level":20,"msg":"Processed: \u001b[35mlayout/_scripts/third-party/analytics/facebook-sdk.swig\u001b[39m","time":"2016-11-11T06:52:38.701Z","v":0}
{"name":"hexo","hostname":"Ryan.local","pid":92414,"level":20,"msg":"Processed: \u001b[35mlayout/_scripts/third-party/analytics/tencent-analytics.swig\u001b[39m","time":"2016-11-11T06:52:38.701Z","v":0}
{"name":"hexo","hostname":"Ryan.local","pid":92414,"level":20,"msg":"Processed: \u001b[35mlayout/_scripts/third-party/analytics/google-analytics.swig\u001b[39m","time":"2016-11-11T06:52:38.701Z","v":0}
{"name":"hexo","hostname":"Ryan.local","pid":92414,"level":20,"msg":"Processed: \u001b[35mlayout/_scripts/third-party/comments/duoshuo.swig\u001b[39m","time":"2016-11-11T06:52:38.706Z","v":0}
{"name":"hexo","hostname":"Ryan.local","pid":92414,"level":20,"msg":"Processed: \u001b[35mlayout/_scripts/third-party/comments/disqus.swig\u001b[39m","time":"2016-11-11T06:52:38.706Z","v":0}
{"name":"hexo","hostname":"Ryan.local","pid":92414,"level":20,"msg":"Processed: \u001b[35msource/lib/font-awesome/fonts/fontawesome-webfont.svg\u001b[39m","time":"2016-11-11T06:52:38.708Z","v":0}
{"name":"hexo","hostname":"Ryan.local","pid":92414,"level":20,"msg":"Generator: \u001b[35mpage\u001b[39m","time":"2016-11-11T06:52:38.942Z","v":0}
{"name":"hexo","hostname":"Ryan.local","pid":92414,"level":20,"msg":"Generator: \u001b[35mpost\u001b[39m","time":"2016-11-11T06:52:38.942Z","v":0}
{"name":"hexo","hostname":"Ryan.local","pid":92414,"level":20,"msg":"Generator: \u001b[35marchive\u001b[39m","time":"2016-11-11T06:52:38.942Z","v":0}
{"name":"hexo","hostname":"Ryan.local","pid":92414,"level":20,"msg":"Generator: \u001b[35mcategory\u001b[39m","time":"2016-11-11T06:52:38.942Z","v":0}
{"name":"hexo","hostname":"Ryan.local","pid":92414,"level":20,"msg":"Generator: \u001b[35mindex\u001b[39m","time":"2016-11-11T06:52:38.942Z","v":0}
{"name":"hexo","hostname":"Ryan.local","pid":92414,"level":20,"msg":"Generator: \u001b[35mtag\u001b[39m","time":"2016-11-11T06:52:38.943Z","v":0}
{"name":"hexo","hostname":"Ryan.local","pid":92414,"level":20,"msg":"Generator: \u001b[35masset\u001b[39m","time":"2016-11-11T06:52:38.944Z","v":0}
{"name":"hexo","hostname":"Ryan.local","pid":92414,"level":30,"msg":"Hexo is running at \u001b[4mhttp://localhost:4000/\u001b[24m. Press Ctrl+C to stop.","time":"2016-11-11T06:52:38.950Z","v":0}
{"name":"hexo","hostname":"Ryan.local","pid":92414,"level":20,"msg":"Database saved","time":"2016-11-11T06:52:38.976Z","v":0}
{"name":"hexo","hostname":"Ryan.local","pid":92414,"level":20,"msg":"Rendering index: \u001b[35mindex.html\u001b[39m","time":"2016-11-11T06:52:48.732Z","v":0}
{"name":"hexo","hostname":"Ryan.local","pid":92414,"level":30,"msg":"Bye!","time":"2016-11-11T06:53:38.088Z","v":0}
{"name":"hexo","hostname":"Ryan.local","pid":92414,"level":20,"msg":"Database saved","time":"2016-11-11T06:53:38.100Z","v":0}
